02-12-2016 20:00:25 :- Exception ocurred while inserting record : Length cannot be less than zero.
Parameter name: length
 Details of message not inserted :
						Message Subject :Re: Ticket Number M0525
						Reply From :erims2@yahoo.com
						Reply Time :02-12-2016 13:30:08

02-12-2016 20:00:25 :- Exception ocurred while inserting record : Length cannot be less than zero.
Parameter name: length
 Details of message not inserted :
						Message Subject :Re: Ticket Number M0523
						Reply From :erims2@yahoo.com
						Reply Time :02-12-2016 13:01:48

02-12-2016 20:00:25 :- Exception ocurred while inserting record : Length cannot be less than zero.
Parameter name: length
 Details of message not inserted :
						Message Subject :Re: Ticket Number M0523
						Reply From :"sonal parekh" <sonalpareekh@gmail.com>
						Reply Time :02-12-2016 13:05:31

02-12-2016 20:00:25 :- Exception ocurred while inserting record : Length cannot be less than zero.
Parameter name: length
 Details of message not inserted :
						Message Subject :Re: Ticket Number M0523
						Reply From :"Hitendra Parekh" <parekhpoonam@ymail.com>
						Reply Time :02-12-2016 13:04:57

02-12-2016 21:00:26 :- Exception ocurred while inserting record : Length cannot be less than zero.
Parameter name: length
 Details of message not inserted :
						Message Subject :Re: Ticket Number M0525
						Reply From :erims2@yahoo.com
						Reply Time :02-12-2016 13:30:08

02-12-2016 21:00:26 :- Exception ocurred while inserting record : Length cannot be less than zero.
Parameter name: length
 Details of message not inserted :
						Message Subject :Re: Ticket Number M0523
						Reply From :erims2@yahoo.com
						Reply Time :02-12-2016 13:01:48

02-12-2016 21:00:27 :- Exception ocurred while inserting record : Length cannot be less than zero.
Parameter name: length
 Details of message not inserted :
						Message Subject :Re: Ticket Number M0523
						Reply From :"sonal parekh" <sonalpareekh@gmail.com>
						Reply Time :02-12-2016 13:05:31

02-12-2016 21:00:27 :- Exception ocurred while inserting record : Length cannot be less than zero.
Parameter name: length
 Details of message not inserted :
						Message Subject :Re: Ticket Number M0523
						Reply From :"Hitendra Parekh" <parekhpoonam@ymail.com>
						Reply Time :02-12-2016 13:04:57

02-12-2016 22:00:26 :- Exception ocurred while inserting record : Length cannot be less than zero.
Parameter name: length
 Details of message not inserted :
						Message Subject :Re: Ticket Number M0525
						Reply From :erims2@yahoo.com
						Reply Time :02-12-2016 13:30:08

02-12-2016 22:00:26 :- Exception ocurred while inserting record : Length cannot be less than zero.
Parameter name: length
 Details of message not inserted :
						Message Subject :Re: Ticket Number M0523
						Reply From :erims2@yahoo.com
						Reply Time :02-12-2016 13:01:48

02-12-2016 22:00:26 :- Exception ocurred while inserting record : Length cannot be less than zero.
Parameter name: length
 Details of message not inserted :
						Message Subject :Re: Ticket Number M0523
						Reply From :"sonal parekh" <sonalpareekh@gmail.com>
						Reply Time :02-12-2016 13:05:31

02-12-2016 22:00:26 :- Exception ocurred while inserting record : Length cannot be less than zero.
Parameter name: length
 Details of message not inserted :
						Message Subject :Re: Ticket Number M0523
						Reply From :"Hitendra Parekh" <parekhpoonam@ymail.com>
						Reply Time :02-12-2016 13:04:57

02-12-2016 23:00:25 :- Exception ocurred while inserting record : Length cannot be less than zero.
Parameter name: length
 Details of message not inserted :
						Message Subject :Re: Ticket Number M0525
						Reply From :erims2@yahoo.com
						Reply Time :02-12-2016 13:30:08

02-12-2016 23:00:25 :- Exception ocurred while inserting record : Length cannot be less than zero.
Parameter name: length
 Details of message not inserted :
						Message Subject :Re: Ticket Number M0523
						Reply From :erims2@yahoo.com
						Reply Time :02-12-2016 13:01:48

02-12-2016 23:00:25 :- Exception ocurred while inserting record : Length cannot be less than zero.
Parameter name: length
 Details of message not inserted :
						Message Subject :Re: Ticket Number M0523
						Reply From :"sonal parekh" <sonalpareekh@gmail.com>
						Reply Time :02-12-2016 13:05:31

02-12-2016 23:00:25 :- Exception ocurred while inserting record : Length cannot be less than zero.
Parameter name: length
 Details of message not inserted :
						Message Subject :Re: Ticket Number M0523
						Reply From :"Hitendra Parekh" <parekhpoonam@ymail.com>
						Reply Time :02-12-2016 13:04:57

03-12-2016 16:00:14 :- Exception ocurred while inserting record : Length cannot be less than zero.
Parameter name: length
 Details of message not inserted :
						Message Subject :Re: Ticket Number M0525
						Reply From :"Hitendra Parekh" <parekhpoonam@ymail.com>
						Reply Time :03-12-2016 10:10:11

03-12-2016 17:00:15 :- Exception ocurred while inserting record : Length cannot be less than zero.
Parameter name: length
 Details of message not inserted :
						Message Subject :Re: Ticket Number M0525
						Reply From :"Hitendra Parekh" <parekhpoonam@ymail.com>
						Reply Time :03-12-2016 10:10:11

03-12-2016 18:00:14 :- Exception ocurred while inserting record : Length cannot be less than zero.
Parameter name: length
 Details of message not inserted :
						Message Subject :Re: Ticket Number M0525
						Reply From :"Hitendra Parekh" <parekhpoonam@ymail.com>
						Reply Time :03-12-2016 10:10:11

03-12-2016 19:00:16 :- Exception ocurred while inserting record : Length cannot be less than zero.
Parameter name: length
 Details of message not inserted :
						Message Subject :Re: Ticket Number M0525
						Reply From :"Hitendra Parekh" <parekhpoonam@ymail.com>
						Reply Time :03-12-2016 10:10:11

03-12-2016 20:00:14 :- Exception ocurred while inserting record : Length cannot be less than zero.
Parameter name: length
 Details of message not inserted :
						Message Subject :Re: Ticket Number M0525
						Reply From :"Hitendra Parekh" <parekhpoonam@ymail.com>
						Reply Time :03-12-2016 10:10:11

03-12-2016 21:00:13 :- Exception ocurred while inserting record : Length cannot be less than zero.
Parameter name: length
 Details of message not inserted :
						Message Subject :Re: Ticket Number M0525
						Reply From :"Hitendra Parekh" <parekhpoonam@ymail.com>
						Reply Time :03-12-2016 10:10:11

03-12-2016 22:00:13 :- Exception ocurred while inserting record : Length cannot be less than zero.
Parameter name: length
 Details of message not inserted :
						Message Subject :Re: Ticket Number M0525
						Reply From :"Hitendra Parekh" <parekhpoonam@ymail.com>
						Reply Time :03-12-2016 10:10:11

03-12-2016 23:00:13 :- Exception ocurred while inserting record : Length cannot be less than zero.
Parameter name: length
 Details of message not inserted :
						Message Subject :Re: Ticket Number M0525
						Reply From :"Hitendra Parekh" <parekhpoonam@ymail.com>
						Reply Time :03-12-2016 10:10:11

05-12-2016 10:00:13 :- Exception ocurred while inserting record : Length cannot be less than zero.
Parameter name: length
 Details of message not inserted :
						Message Subject :Re: Ticket Number M0525
						Reply From :"Hitendra Parekh" <parekhpoonam@ymail.com>
						Reply Time :05-12-2016 04:14:02

05-12-2016 10:02:56 :- Exception ocurred while inserting record : Unable to cast object of type 'System.Data.DataSet' to type 'System.IConvertible'.
 Details of message not inserted :
						Message Subject :Re: Ticket Number M0525
						Reply From :"Hitendra Parekh" <parekhpoonam@ymail.com>
						Reply Time :05-12-2016 04:14:02

05-12-2016 10:16:55 :- Exception ocurred while inserting record : Column 'PK_Security_ID' does not belong to table Table.
 Details of message not inserted :
						Message Subject :Re: Ticket Number M0525
						Reply From :"Hitendra Parekh" <parekhpoonam@ymail.com>
						Reply Time :05-12-2016 04:14:02

